<?xml version="1.0" encoding="UTF-8"?>
<!-- Generated by org.testng.reporters.JUnitXMLReporter -->
<testsuite hostname="LAPTOP-ONRUMTQ2" ignored="0" name="Default test" tests="1" failures="0" timestamp="19 Feb 2019 06:21:27 GMT" time="0.07" errors="0">
  <testcase name="@BeforeSuite startReport" time="0.0" classname="Com.VDOhire.generic.BasicExtentReport">
    <failure type="org.testng.TestNGException" message="
Parameter &amp;apos;OS&amp;apos; is required by BeforeSuite on method startReport but has not been marked @Optional or defined
in C:\Users\vinda\AppData\Local\Temp\testng-eclipse--1997590705\testng-customsuite.xml">
      <![CDATA[org.testng.TestNGException: Parameter 'OS' is required by BeforeSuite on method startReport but has not been marked @Optional or definedin C:\Users\vinda\AppData\Local\Temp\testng-eclipse--1997590705\testng-customsuite.xmlat org.testng.internal.Parameters.createParams(Parameters.java:290)at org.testng.internal.Parameters.createParametersForMethod(Parameters.java:359)at org.testng.internal.Parameters.createParameters(Parameters.java:620)at org.testng.internal.Parameters.createConfigurationParameters(Parameters.java:190)at org.testng.internal.Invoker.invokeConfigurations(Invoker.java:209)at org.testng.internal.Invoker.invokeConfigurations(Invoker.java:142)at org.testng.SuiteRunner.privateRun(SuiteRunner.java:401)at org.testng.SuiteRunner.run(SuiteRunner.java:364)at org.testng.SuiteRunnerWorker.runSuite(SuiteRunnerWorker.java:52)at org.testng.SuiteRunnerWorker.run(SuiteRunnerWorker.java:84)at org.testng.TestNG.runSuitesSequentially(TestNG.java:1187)at org.testng.TestNG.runSuitesLocally(TestNG.java:1116)at org.testng.TestNG.runSuites(TestNG.java:1028)at org.testng.TestNG.run(TestNG.java:996)at org.testng.remote.AbstractRemoteTestNG.run(AbstractRemoteTestNG.java:114)at org.testng.remote.RemoteTestNG.initAndRun(RemoteTestNG.java:251)at org.testng.remote.RemoteTestNG.main(RemoteTestNG.java:77)]]>
    </failure>
  </testcase> <!-- @BeforeSuite startReport -->
  <testcase name="@BeforeMethod confiBrowser" time="0.0" classname="Com.VDOhire.generic.BaseClass">
    <skipped/>
  </testcase> <!-- @BeforeMethod confiBrowser -->
  <testcase name="@AfterMethod getResult" time="0.0" classname="Com.VDOhire.generic.BasicExtentReport">
    <skipped/>
  </testcase> <!-- @AfterMethod getResult -->
  <testcase name="@AfterMethod takeMethodName" time="0.0" classname="Com.VDOhire.generic.BaseClass">
    <skipped/>
  </testcase> <!-- @AfterMethod takeMethodName -->
  <testcase name="logInforJobCreation" time="0.0" classname="Com.VDOhire.test.JobTest">
    <skipped/>
  </testcase> <!-- logInforJobCreation -->
</testsuite> <!-- Default test -->
