<?xml version="1.0" encoding="UTF-8"?>
<!-- Generated by org.testng.reporters.JUnitXMLReporter -->
<testsuite hostname="LAPTOP-ONRUMTQ2" ignored="2" name="Extent Report Test1" tests="1" failures="0" timestamp="22 Feb 2019 11:57:19 GMT" time="310.329" errors="0">
  <testcase name="logInforJobCreation" time="298.521" classname="Com.VDOhire.test.JobTest"/>
  <testcase name="@BeforeSuite startReport" time="0.0" classname="Com.VDOhire.generic.BasicExtentReport">
    <ignored/>
  </testcase> <!-- @BeforeSuite startReport -->
  <testcase name="@AfterSuite tearDown" time="0.0" classname="Com.VDOhire.generic.BasicExtentReport">
    <ignored/>
  </testcase> <!-- @AfterSuite tearDown -->
</testsuite> <!-- Extent Report Test1 -->
