<?xml version="1.0" encoding="UTF-8"?>
<!-- Generated by org.testng.reporters.JUnitXMLReporter -->
<testsuite hostname="LAPTOP-ONRUMTQ2" name="Extent Report Test" tests="3" failures="0" timestamp="18 Feb 2019 07:39:04 GMT" time="0.017" errors="0">
  <testcase name="@BeforeSuite startReport" time="0.0" classname="Com.VDOhire.generic.BasicExtentReport">
    <failure type="java.lang.NoClassDefFoundError" message="com/aventstack/extentreports/reporter/ExtentHtmlReporter">
      <![CDATA[java.lang.NoClassDefFoundError: com/aventstack/extentreports/reporter/ExtentHtmlReporter
	at Com.VDOhire.generic.BasicExtentReport.startReport(BasicExtentReport.java:61)
Caused by: java.lang.ClassNotFoundException: com.aventstack.extentreports.reporter.ExtentHtmlReporter
	at java.net.URLClassLoader.findClass(Unknown Source)
	at java.lang.ClassLoader.loadClass(Unknown Source)
	at sun.misc.Launcher$AppClassLoader.loadClass(Unknown Source)
	at java.lang.ClassLoader.loadClass(Unknown Source)
	... 18 more
... Removed 17 stack frames]]>
    </failure>
  </testcase> <!-- @BeforeSuite startReport -->
  <testcase name="@BeforeMethod confiBrowser" time="0.0" classname="Com.VDOhire.test.LoginTest">
    <skipped/>
  </testcase> <!-- @BeforeMethod confiBrowser -->
  <testcase name="@AfterMethod getResult" time="0.0" classname="Com.VDOhire.test.LoginTest">
    <skipped/>
  </testcase> <!-- @AfterMethod getResult -->
  <testcase name="@AfterMethod takeMethodName" time="0.0" classname="Com.VDOhire.test.LoginTest">
    <skipped/>
  </testcase> <!-- @AfterMethod takeMethodName -->
  <testcase name="@BeforeMethod confiBrowser" time="0.0" classname="Com.VDOhire.test.LoginTest">
    <skipped/>
  </testcase> <!-- @BeforeMethod confiBrowser -->
  <testcase name="@AfterMethod getResult" time="0.0" classname="Com.VDOhire.test.LoginTest">
    <skipped/>
  </testcase> <!-- @AfterMethod getResult -->
  <testcase name="@AfterMethod takeMethodName" time="0.0" classname="Com.VDOhire.test.LoginTest">
    <skipped/>
  </testcase> <!-- @AfterMethod takeMethodName -->
  <testcase name="@BeforeMethod confiBrowser" time="0.0" classname="Com.VDOhire.test.LoginTest">
    <skipped/>
  </testcase> <!-- @BeforeMethod confiBrowser -->
  <testcase name="@AfterMethod getResult" time="0.0" classname="Com.VDOhire.test.LoginTest">
    <skipped/>
  </testcase> <!-- @AfterMethod getResult -->
  <testcase name="@AfterMethod takeMethodName" time="0.0" classname="Com.VDOhire.test.LoginTest">
    <skipped/>
  </testcase> <!-- @AfterMethod takeMethodName -->
  <testcase name="logInWithPositiveValue" time="0.001" classname="Com.VDOhire.test.LoginTest">
    <skipped/>
  </testcase> <!-- logInWithPositiveValue -->
  <testcase name="logInWithInvalidvalue" time="0.0" classname="Com.VDOhire.test.LoginTest">
    <skipped/>
  </testcase> <!-- logInWithInvalidvalue -->
  <testcase name="verifyGmailAC" time="0.0" classname="Com.VDOhire.test.LoginTest">
    <skipped/>
  </testcase> <!-- verifyGmailAC -->
</testsuite> <!-- Extent Report Test -->
