<?xml version="1.0" encoding="UTF-8"?>
<!-- Generated by org.testng.reporters.JUnitXMLReporter -->
<testsuite hostname="LAPTOP-ONRUMTQ2" ignored="2" name="Extent Report Test" tests="3" failures="0" timestamp="29 Jan 2019 09:36:22 GMT" time="158.811" errors="0">
  <testcase name="logInWithPositiveValue" time="96.992" classname="Com.VDOhire.test.LoginTest"/>
  <testcase name="logInWithInvalidvalue" time="2.546" classname="Com.VDOhire.test.LoginTest"/>
  <testcase name="verifyGmailAC" time="5.599" classname="Com.VDOhire.test.LoginTest"/>
  <testcase name="@BeforeSuite startReport" time="0.0" classname="Com.VDOhire.generic.BasicExtentReport">
    <ignored/>
  </testcase> <!-- @BeforeSuite startReport -->
  <testcase name="@AfterSuite tearDown" time="0.0" classname="Com.VDOhire.generic.BasicExtentReport">
    <ignored/>
  </testcase> <!-- @AfterSuite tearDown -->
</testsuite> <!-- Extent Report Test -->
