<?xml version="1.0" encoding="UTF-8"?>
<!-- Generated by org.testng.reporters.JUnitXMLReporter -->
<testsuite hostname="LAPTOP-ONRUMTQ2" ignored="1" name="Test" tests="5" failures="0" timestamp="23 Jan 2019 09:08:23 GMT" time="0.092" errors="0">
  <testcase name="@BeforeTest startReport" time="0.0" classname="Com.VDOhire.generic.BasicExtentReport">
    <failure type="org.testng.TestNGException" message="
Parameter &amp;apos;OS&amp;apos; is required by BeforeTest on method startReport but has not been marked @Optional or defined
in C:\Users\vinda\eclipse-workspace\VDOhire_\ExtendReport.xml">
      <![CDATA[org.testng.TestNGException: Parameter 'OS' is required by BeforeTest on method startReport but has not been marked @Optional or definedin C:\Users\vinda\eclipse-workspace\VDOhire_\ExtendReport.xml... Removed 21 stack frames]]>
    </failure>
  </testcase> <!-- @BeforeTest startReport -->
  <testcase name="@AfterMethod getResult" time="0.0" classname="Com.VDOhire.generic.BasicExtentReport">
    <skipped/>
  </testcase> <!-- @AfterMethod getResult -->
  <testcase name="@AfterMethod getResult" time="0.0" classname="Com.VDOhire.generic.BasicExtentReport">
    <skipped/>
  </testcase> <!-- @AfterMethod getResult -->
  <testcase name="@AfterMethod getResult" time="0.0" classname="Com.VDOhire.generic.BasicExtentReport">
    <skipped/>
  </testcase> <!-- @AfterMethod getResult -->
  <testcase name="@AfterMethod getResult" time="0.0" classname="Com.VDOhire.generic.BasicExtentReport">
    <skipped/>
  </testcase> <!-- @AfterMethod getResult -->
  <testcase name="@AfterMethod getResult" time="0.0" classname="Com.VDOhire.generic.BasicExtentReport">
    <skipped/>
  </testcase> <!-- @AfterMethod getResult -->
  <testcase name="@AfterTest tearDown" time="0.0" classname="Com.VDOhire.generic.BasicExtentReport">
    <skipped/>
  </testcase> <!-- @AfterTest tearDown -->
  <testcase name="testCase1" time="0.0" classname="Com.VDOhire.generic.BasicExtentReport">
    <skipped/>
  </testcase> <!-- testCase1 -->
  <testcase name="testCase2" time="0.0" classname="Com.VDOhire.generic.BasicExtentReport">
    <skipped/>
  </testcase> <!-- testCase2 -->
  <testcase name="testCase3" time="0.0" classname="Com.VDOhire.generic.BasicExtentReport">
    <skipped/>
  </testcase> <!-- testCase3 -->
  <testcase name="testCase4" time="0.0" classname="Com.VDOhire.generic.BasicExtentReport">
    <skipped/>
  </testcase> <!-- testCase4 -->
  <testcase name="testCase5" time="0.0" classname="Com.VDOhire.generic.BasicExtentReport">
    <skipped/>
  </testcase> <!-- testCase5 -->
  <testcase name="testCase6" time="0.0" classname="Com.VDOhire.generic.BasicExtentReport">
    <ignored/>
  </testcase> <!-- testCase6 -->
</testsuite> <!-- Test -->
