<?xml version="1.0" encoding="UTF-8"?>
<!-- Generated by org.testng.reporters.JUnitXMLReporter -->
<testsuite hostname="LAPTOP-ONRUMTQ2" ignored="0" name="Test2" tests="1" failures="1" timestamp="17 Jan 2019 10:50:57 GMT" time="0.039" errors="0">
  <testcase name="logInWithPositiveValue" time="0.0" classname="Com.VDOhire.test.LoginTest">
    <failure type="org.testng.TestNGException" message="
Cannot inject @Test annotated Method [logInWithPositiveValue] with [interface org.openqa.selenium.WebDriver].
For more information on native dependency injection please refer to http://testng.org/doc/documentation-main.html#native-dependency-injection">
      <![CDATA[org.testng.TestNGException: 
Cannot inject @Test annotated Method [logInWithPositiveValue] with [interface org.openqa.selenium.WebDriver].
For more information on native dependency injection please refer to http://testng.org/doc/documentation-main.html#native-dependency-injection
at java.util.concurrent.FutureTask.run(Unknown Source)
at java.util.concurrent.ThreadPoolExecutor.runWorker(Unknown Source)
at java.util.concurrent.ThreadPoolExecutor$Worker.run(Unknown Source)
at java.lang.Thread.run(Unknown Source)
... Removed 15 stack frames]]>
    </failure>
  </testcase> <!-- logInWithPositiveValue -->
</testsuite> <!-- Test2 -->
