<?xml version="1.0" encoding="UTF-8"?>
<!-- Generated by org.testng.reporters.JUnitXMLReporter -->
<testsuite hostname="V1550-5493QR1" ignored="0" name="Test" tests="50" failures="3" timestamp="06 Nov 2018 16:38:24 GMT" time="49.593" errors="0">
  <testcase name="verifyWeatherInfoWithPositiveData" time="12.32" classname="APITEST.TestWeatherAPIWithDataProvide"/>
  <testcase name="verifyWeatherInfoWithPositiveData" time="0.422" classname="APITEST.TestWeatherAPIWithDataProvide"/>
  <testcase name="verifyWeatherInfoWithPositiveData" time="0.374" classname="APITEST.TestWeatherAPIWithDataProvide">
    <failure type="java.lang.AssertionError" message="1 expectation failed.
Expected status code &amp;lt;300&amp;gt; but was &amp;lt;200&amp;gt;.
">
      <![CDATA[java.lang.AssertionError: 1 expectation failed.
Expected status code <300> but was <200>.

at org.codehaus.groovy.runtime.callsite.ConstructorSite$ConstructorSiteNoUnwrap.callConstructor(ConstructorSite.java:84)
at org.codehaus.groovy.runtime.callsite.CallSiteArray.defaultCallConstructor(CallSiteArray.java:60)
at org.codehaus.groovy.runtime.callsite.AbstractCallSite.callConstructor(AbstractCallSite.java:235)
at org.codehaus.groovy.runtime.callsite.AbstractCallSite.callConstructor(AbstractCallSite.java:247)
at io.restassured.internal.ResponseSpecificationImpl$HamcrestAssertionClosure.validate(ResponseSpecificationImpl.groovy:482)
at io.restassured.internal.ResponseSpecificationImpl$HamcrestAssertionClosure$validate$1.call(Unknown Source)
at io.restassured.internal.ResponseSpecificationImpl.validateResponseIfRequired(ResponseSpecificationImpl.groovy:654)
at org.codehaus.groovy.runtime.callsite.PogoMetaMethodSite$PogoCachedMethodSiteNoUnwrapNoCoerce.invoke(PogoMetaMethodSite.java:210)
at org.codehaus.groovy.runtime.callsite.PogoMetaMethodSite.callCurrent(PogoMetaMethodSite.java:59)
at org.codehaus.groovy.runtime.callsite.AbstractCallSite.callCurrent(AbstractCallSite.java:166)
at io.restassured.internal.ResponseSpecificationImpl.statusCode(ResponseSpecificationImpl.groovy:124)
at io.restassured.specification.ResponseSpecification$statusCode$0.callCurrent(Unknown Source)
at io.restassured.internal.ResponseSpecificationImpl.statusCode(ResponseSpecificationImpl.groovy:132)
at io.restassured.internal.ValidatableResponseOptionsImpl.statusCode(ValidatableResponseOptionsImpl.java:119)
at APITEST.TestWeatherAPIWithDataProvide.verifyWeatherInfoWithPositiveData(TestWeatherAPIWithDataProvide.java:59)
... Removed 35 stack frames]]>
    </failure>
  </testcase> <!-- verifyWeatherInfoWithPositiveData -->
  <testcase name="verifyWeatherInfoWithPositiveData" time="0.39" classname="APITEST.TestWeatherAPIWithDataProvide">
    <failure type="java.lang.AssertionError" message="1 expectation failed.
Expected status code &amp;lt;300&amp;gt; but was &amp;lt;200&amp;gt;.
">
      <![CDATA[java.lang.AssertionError: 1 expectation failed.
Expected status code <300> but was <200>.

at org.codehaus.groovy.runtime.callsite.ConstructorSite$ConstructorSiteNoUnwrap.callConstructor(ConstructorSite.java:84)
at org.codehaus.groovy.runtime.callsite.AbstractCallSite.callConstructor(AbstractCallSite.java:247)
at io.restassured.internal.ResponseSpecificationImpl$HamcrestAssertionClosure.validate(ResponseSpecificationImpl.groovy:482)
at io.restassured.internal.ResponseSpecificationImpl$HamcrestAssertionClosure$validate$1.call(Unknown Source)
at io.restassured.internal.ResponseSpecificationImpl.validateResponseIfRequired(ResponseSpecificationImpl.groovy:654)
at org.codehaus.groovy.runtime.callsite.PogoMetaMethodSite$PogoCachedMethodSiteNoUnwrapNoCoerce.invoke(PogoMetaMethodSite.java:210)
at org.codehaus.groovy.runtime.callsite.PogoMetaMethodSite.callCurrent(PogoMetaMethodSite.java:59)
at org.codehaus.groovy.runtime.callsite.AbstractCallSite.callCurrent(AbstractCallSite.java:166)
at io.restassured.internal.ResponseSpecificationImpl.statusCode(ResponseSpecificationImpl.groovy:124)
at io.restassured.specification.ResponseSpecification$statusCode$0.callCurrent(Unknown Source)
at io.restassured.internal.ResponseSpecificationImpl.statusCode(ResponseSpecificationImpl.groovy:132)
at io.restassured.internal.ValidatableResponseOptionsImpl.statusCode(ValidatableResponseOptionsImpl.java:119)
at APITEST.TestWeatherAPIWithDataProvide.verifyWeatherInfoWithPositiveData(TestWeatherAPIWithDataProvide.java:59)
... Removed 35 stack frames]]>
    </failure>
  </testcase> <!-- verifyWeatherInfoWithPositiveData -->
  <testcase name="verifyWeatherInfoWithPositiveData" time="0.234" classname="APITEST.TestWeatherAPIWithDataProvide">
    <failure type="java.lang.AssertionError" message="1 expectation failed.
Expected status code &amp;lt;300&amp;gt; but was &amp;lt;200&amp;gt;.
">
      <![CDATA[java.lang.AssertionError: 1 expectation failed.
Expected status code <300> but was <200>.

at org.codehaus.groovy.runtime.callsite.ConstructorSite$ConstructorSiteNoUnwrap.callConstructor(ConstructorSite.java:84)
at org.codehaus.groovy.runtime.callsite.AbstractCallSite.callConstructor(AbstractCallSite.java:247)
at io.restassured.internal.ResponseSpecificationImpl$HamcrestAssertionClosure.validate(ResponseSpecificationImpl.groovy:482)
at io.restassured.internal.ResponseSpecificationImpl$HamcrestAssertionClosure$validate$1.call(Unknown Source)
at io.restassured.internal.ResponseSpecificationImpl.validateResponseIfRequired(ResponseSpecificationImpl.groovy:654)
at org.codehaus.groovy.runtime.callsite.PogoMetaMethodSite$PogoCachedMethodSiteNoUnwrapNoCoerce.invoke(PogoMetaMethodSite.java:210)
at org.codehaus.groovy.runtime.callsite.PogoMetaMethodSite.callCurrent(PogoMetaMethodSite.java:59)
at org.codehaus.groovy.runtime.callsite.AbstractCallSite.callCurrent(AbstractCallSite.java:166)
at io.restassured.internal.ResponseSpecificationImpl.statusCode(ResponseSpecificationImpl.groovy:124)
at io.restassured.specification.ResponseSpecification$statusCode$0.callCurrent(Unknown Source)
at io.restassured.internal.ResponseSpecificationImpl.statusCode(ResponseSpecificationImpl.groovy:132)
at io.restassured.internal.ValidatableResponseOptionsImpl.statusCode(ValidatableResponseOptionsImpl.java:119)
at APITEST.TestWeatherAPIWithDataProvide.verifyWeatherInfoWithPositiveData(TestWeatherAPIWithDataProvide.java:59)
... Removed 35 stack frames]]>
    </failure>
  </testcase> <!-- verifyWeatherInfoWithPositiveData -->
  <testcase name="verifyWeatherInfoWithPositiveData" time="0.485" classname="APITEST.TestWeatherAPIWithDataProvide"/>
  <testcase name="verifyWeatherInfoWithPositiveData" time="0.406" classname="APITEST.TestWeatherAPIWithDataProvide"/>
  <testcase name="verifyWeatherInfoWithPositiveData" time="0.516" classname="APITEST.TestWeatherAPIWithDataProvide"/>
  <testcase name="verifyWeatherInfoWithPositiveData" time="0.405" classname="APITEST.TestWeatherAPIWithDataProvide"/>
  <testcase name="verifyWeatherInfoWithPositiveData" time="0.484" classname="APITEST.TestWeatherAPIWithDataProvide"/>
  <testcase name="verifyWeatherInfoWithPositiveData" time="0.343" classname="APITEST.TestWeatherAPIWithDataProvide"/>
  <testcase name="verifyWeatherInfoWithPositiveData" time="0.516" classname="APITEST.TestWeatherAPIWithDataProvide"/>
  <testcase name="verifyWeatherInfoWithPositiveData" time="0.406" classname="APITEST.TestWeatherAPIWithDataProvide"/>
  <testcase name="verifyWeatherInfoWithPositiveData" time="0.344" classname="APITEST.TestWeatherAPIWithDataProvide"/>
  <testcase name="verifyWeatherInfoWithPositiveData" time="0.515" classname="APITEST.TestWeatherAPIWithDataProvide"/>
  <testcase name="verifyWeatherInfoWithPositiveData" time="0.391" classname="APITEST.TestWeatherAPIWithDataProvide"/>
  <testcase name="verifyWeatherInfoWithPositiveData" time="0.328" classname="APITEST.TestWeatherAPIWithDataProvide"/>
  <testcase name="verifyWeatherInfoWithPositiveData" time="0.485" classname="APITEST.TestWeatherAPIWithDataProvide"/>
  <testcase name="verifyWeatherInfoWithPositiveData" time="0.312" classname="APITEST.TestWeatherAPIWithDataProvide"/>
  <testcase name="verifyWeatherInfoWithPositiveData" time="0.306" classname="APITEST.TestWeatherAPIWithDataProvide"/>
  <testcase name="verifyWeatherInfoWithPositiveData" time="0.328" classname="APITEST.TestWeatherAPIWithDataProvide"/>
  <testcase name="verifyWeatherInfoWithPositiveData" time="0.453" classname="APITEST.TestWeatherAPIWithDataProvide"/>
  <testcase name="verifyWeatherInfoWithPositiveData" time="0.39" classname="APITEST.TestWeatherAPIWithDataProvide"/>
  <testcase name="verifyWeatherInfoWithPositiveData" time="0.532" classname="APITEST.TestWeatherAPIWithDataProvide"/>
  <testcase name="verifyWeatherInfoWithPositiveData" time="0.499" classname="APITEST.TestWeatherAPIWithDataProvide"/>
  <testcase name="verifyWeatherInfoWithPositiveData" time="0.391" classname="APITEST.TestWeatherAPIWithDataProvide"/>
  <testcase name="verifyWeatherInfoWithPositiveData" time="0.452" classname="APITEST.TestWeatherAPIWithDataProvide"/>
  <testcase name="verifyWeatherInfoWithPositiveData" time="0.346" classname="APITEST.TestWeatherAPIWithDataProvide"/>
  <testcase name="verifyWeatherInfoWithPositiveData" time="0.344" classname="APITEST.TestWeatherAPIWithDataProvide"/>
  <testcase name="verifyWeatherInfoWithPositiveData" time="0.422" classname="APITEST.TestWeatherAPIWithDataProvide"/>
  <testcase name="verifyWeatherInfoWithNegativeData" time="0.421" classname="APITEST.TestWeatherAPIWithDataProvide"/>
  <testcase name="verifyWeatherInfoWithNegativeData" time="0.266" classname="APITEST.TestWeatherAPIWithDataProvide"/>
  <testcase name="verifyWeatherInfoWithNegativeData" time="0.249" classname="APITEST.TestWeatherAPIWithDataProvide"/>
  <testcase name="verifyWeatherInfoWithNegativeData" time="0.218" classname="APITEST.TestWeatherAPIWithDataProvide"/>
  <testcase name="verifyWeatherInfoWithNegativeData" time="0.251" classname="APITEST.TestWeatherAPIWithDataProvide"/>
  <testcase name="verifyWeatherInfoWithNegativeData" time="0.25" classname="APITEST.TestWeatherAPIWithDataProvide"/>
  <testcase name="verifyWeatherInfoWithNegativeData" time="0.234" classname="APITEST.TestWeatherAPIWithDataProvide"/>
  <testcase name="verifyWeatherInfoWithNegativeData" time="0.437" classname="APITEST.TestWeatherAPIWithDataProvide"/>
  <testcase name="verifyWeatherInfoWithNegativeData" time="0.25" classname="APITEST.TestWeatherAPIWithDataProvide"/>
  <testcase name="verifyWeatherInfoWithNegativeData" time="0.265" classname="APITEST.TestWeatherAPIWithDataProvide"/>
  <testcase name="verifyWeatherInfoWithNegativeData" time="0.243" classname="APITEST.TestWeatherAPIWithDataProvide"/>
  <testcase name="verifyWeatherInfoWithNegativeData" time="0.234" classname="APITEST.TestWeatherAPIWithDataProvide"/>
  <testcase name="verifyWeatherInfoWithNegativeData" time="0.281" classname="APITEST.TestWeatherAPIWithDataProvide"/>
  <testcase name="verifyWeatherInfoWithNegativeData" time="0.343" classname="APITEST.TestWeatherAPIWithDataProvide"/>
  <testcase name="verifyWeatherInfoWithNegativeData" time="0.406" classname="APITEST.TestWeatherAPIWithDataProvide"/>
  <testcase name="verifyWeatherInfoWithNegativeData" time="0.359" classname="APITEST.TestWeatherAPIWithDataProvide"/>
  <testcase name="verifyWeatherInfoWithNegativeData" time="0.25" classname="APITEST.TestWeatherAPIWithDataProvide"/>
  <testcase name="verifyWeatherInfoWithNegativeData" time="0.25" classname="APITEST.TestWeatherAPIWithDataProvide"/>
  <testcase name="verifyWeatherInfoWithNegativeData" time="0.234" classname="APITEST.TestWeatherAPIWithDataProvide"/>
  <testcase name="verifyWeatherInfoWithNegativeData" time="0.218" classname="APITEST.TestWeatherAPIWithDataProvide"/>
</testsuite> <!-- Test -->
